Using pre-set license
Built from '2021.2/staging' branch; Version is '2021.2.5f1 (4ec9a5e799f5) revision 5163429'; Using compiler version '192829333'; Build Type 'Release'
OS: 'Windows 11  (10.0.22000) 64bit Core' Language: 'zh' Physical Memory: 8072 MB
BatchMode: 1, IsHumanControllingUs: 0, StartBugReporterOnCrash: 0, Is64bit: 1, IsPro: 0

COMMAND LINE ARGUMENTS:
C:\Program Files\Unity\Hub\Editor\2021.2.5f1\Editor\Unity.exe
-adb2
-batchMode
-noUpm
-name
AssetImportWorker0
-projectPath
D:/Unity/Duality_GGJ
-logFile
Logs/AssetImportWorker0.log
-srvPort
55331
Successfully changed project path to: D:/Unity/Duality_GGJ
D:/Unity/Duality_GGJ
[UnityMemory] Configuration Parameters - Can be set up in boot.config
    "memorysetup-bucket-allocator-granularity=16"
    "memorysetup-bucket-allocator-bucket-count=8"
    "memorysetup-bucket-allocator-block-size=33554432"
    "memorysetup-bucket-allocator-block-count=8"
    "memorysetup-main-allocator-block-size=16777216"
    "memorysetup-thread-allocator-block-size=16777216"
    "memorysetup-gfx-main-allocator-block-size=16777216"
    "memorysetup-gfx-thread-allocator-block-size=16777216"
    "memorysetup-cache-allocator-block-size=4194304"
    "memorysetup-typetree-allocator-block-size=2097152"
    "memorysetup-profiler-bucket-allocator-granularity=16"
    "memorysetup-profiler-bucket-allocator-bucket-count=8"
    "memorysetup-profiler-bucket-allocator-block-size=33554432"
    "memorysetup-profiler-bucket-allocator-block-count=8"
    "memorysetup-profiler-allocator-block-size=16777216"
    "memorysetup-profiler-editor-allocator-block-size=1048576"
    "memorysetup-temp-allocator-size-main=16777216"
    "memorysetup-job-temp-allocator-block-size=2097152"
    "memorysetup-job-temp-allocator-block-size-background=1048576"
    "memorysetup-job-temp-allocator-reduction-small-platforms=262144"
    "memorysetup-temp-allocator-size-background-worker=32768"
    "memorysetup-temp-allocator-size-job-worker=262144"
    "memorysetup-temp-allocator-size-preload-manager=33554432"
    "memorysetup-temp-allocator-size-nav-mesh-worker=65536"
    "memorysetup-temp-allocator-size-audio-worker=65536"
    "memorysetup-temp-allocator-size-cloud-worker=32768"
    "memorysetup-temp-allocator-size-gi-baking-worker=262144"
    "memorysetup-temp-allocator-size-gfx=262144"
Refreshing native plugins compatible for Editor in 104.55 ms, found 4 plugins.
Preloading 0 native plugins for Editor in 0.00 ms.
Initialize engine version: 2021.2.5f1 (4ec9a5e799f5)
[Subsystems] Discovering subsystems at path C:/Program Files/Unity/Hub/Editor/2021.2.5f1/Editor/Data/Resources/UnitySubsystems
[Subsystems] Discovering subsystems at path D:/Unity/Duality_GGJ/Assets
GfxDevice: creating device client; threaded=0; jobified=0
Direct3D:
    Version:  Direct3D 11.0 [level 11.1]
    Renderer: NVIDIA GeForce GTX 1650 (ID=0x1f91)
    Vendor:   NVIDIA
    VRAM:     3962 MB
    Driver:   27.21.14.5749
Initialize mono
Mono path[0] = 'C:/Program Files/Unity/Hub/Editor/2021.2.5f1/Editor/Data/Managed'
Mono path[1] = 'C:/Program Files/Unity/Hub/Editor/2021.2.5f1/Editor/Data/MonoBleedingEdge/lib/mono/unityjit-win32'
Mono config path = 'C:/Program Files/Unity/Hub/Editor/2021.2.5f1/Editor/Data/MonoBleedingEdge/etc'
Using monoOptions --debugger-agent=transport=dt_socket,embedding=1,server=y,suspend=n,address=127.0.0.1:56420
Begin MonoManager ReloadAssembly
Registering precompiled unity dll's ...
Register platform support module: C:/Program Files/Unity/Hub/Editor/2021.2.5f1/Editor/Data/PlaybackEngines/WebGLSupport/UnityEditor.WebGL.Extensions.dll
Register platform support module: C:/Program Files/Unity/Hub/Editor/2021.2.5f1/Editor/Data/PlaybackEngines/WindowsStandaloneSupport/UnityEditor.WindowsStandalone.Extensions.dll
Registered in 0.003981 seconds.
Native extension for WindowsStandalone target not found
Native extension for WebGL target not found
Refreshing native plugins compatible for Editor in 145.68 ms, found 4 plugins.
Preloading 0 native plugins for Editor in 0.00 ms.
Mono: successfully reloaded assembly
- Completed reload, in  0.694 seconds
Domain Reload Profiling:
	ReloadAssembly (695ms)
		BeginReloadAssembly (68ms)
			ExecutionOrderSort (0ms)
			DisableScriptedObjects (0ms)
			BackupInstance (0ms)
			ReleaseScriptingObjects (0ms)
			CreateAndSetChildDomain (1ms)
		EndReloadAssembly (553ms)
			LoadAssemblies (67ms)
			RebuildTransferFunctionScriptingTraits (0ms)
			SetupTypeCache (125ms)
			ReleaseScriptCaches (0ms)
			RebuildScriptCaches (29ms)
			SetupLoadedEditorAssemblies (347ms)
				LogAssemblyErrors (0ms)
				InitializePlatformSupportModulesInManaged (16ms)
				SetLoadedEditorAssemblies (0ms)
				RefreshPlugins (146ms)
				BeforeProcessingInitializeOnLoad (1ms)
				ProcessInitializeOnLoadAttributes (134ms)
				ProcessInitializeOnLoadMethodAttributes (50ms)
				AfterProcessingInitializeOnLoad (0ms)
				EditorAssembliesLoaded (0ms)
			ExecutionOrderSort2 (0ms)
			AwakeInstancesAfterBackupRestoration (0ms)
Platform modules already initialized, skipping
Registering precompiled user dll's ...
Registered in 0.004527 seconds.
Begin MonoManager ReloadAssembly
Symbol file LoadedFromMemory doesn't match image D:\Unity\Duality_GGJ\Library\PackageCache\com.unity.visualscripting@1.7.5\Editor\VisualScripting.Core\Dependencies\YamlDotNet\Unity.VisualScripting.YamlDotNet.dll
Symbol file LoadedFromMemory doesn't match image D:\Unity\Duality_GGJ\Library\PackageCache\com.unity.visualscripting@1.7.5\Editor\VisualScripting.Core\Dependencies\DotNetZip\Unity.VisualScripting.IonicZip.dll
Native extension for WindowsStandalone target not found
Native extension for WebGL target not found
Refreshing native plugins compatible for Editor in 96.41 ms, found 4 plugins.
Preloading 0 native plugins for Editor in 0.00 ms.
Mono: successfully reloaded assembly
- Completed reload, in  1.865 seconds
Domain Reload Profiling:
	ReloadAssembly (1866ms)
		BeginReloadAssembly (189ms)
			ExecutionOrderSort (0ms)
			DisableScriptedObjects (7ms)
			BackupInstance (0ms)
			ReleaseScriptingObjects (0ms)
			CreateAndSetChildDomain (21ms)
		EndReloadAssembly (1584ms)
			LoadAssemblies (87ms)
			RebuildTransferFunctionScriptingTraits (0ms)
			SetupTypeCache (273ms)
			ReleaseScriptCaches (1ms)
			RebuildScriptCaches (60ms)
			SetupLoadedEditorAssemblies (1069ms)
				LogAssemblyErrors (0ms)
				InitializePlatformSupportModulesInManaged (11ms)
				SetLoadedEditorAssemblies (0ms)
				RefreshPlugins (96ms)
				BeforeProcessingInitializeOnLoad (93ms)
				ProcessInitializeOnLoadAttributes (831ms)
				ProcessInitializeOnLoadMethodAttributes (33ms)
				AfterProcessingInitializeOnLoad (5ms)
				EditorAssembliesLoaded (0ms)
			ExecutionOrderSort2 (0ms)
			AwakeInstancesAfterBackupRestoration (6ms)
Platform modules already initialized, skipping
========================================================================
Worker process is ready to serve import requests
Launched and connected shader compiler UnityShaderCompiler.exe after 0.07 seconds
Refreshing native plugins compatible for Editor in 1.07 ms, found 4 plugins.
Preloading 0 native plugins for Editor in 0.00 ms.
Unloading 4173 Unused Serialized files (Serialized files now loaded: 0)
Unloading 58 unused Assets / (1.5 MB). Loaded Objects now: 4610.
Memory consumption went from 168.5 MB to 167.0 MB.
Total: 7.096600 ms (FindLiveObjects: 0.370700 ms CreateObjectMapping: 0.333100 ms MarkObjects: 5.217300 ms  DeleteObjects: 1.174100 ms)

AssetImportParameters requested are different than current active one (requested -> active):
  custom:video-decoder-ogg-theora: a1e56fd34408186e4bbccfd4996cb3dc -> 
  custom:container-muxer-webm: aa71ff27fc2769a1b78a27578f13a17b -> 
  custom:container-demuxer-webm: 4f35f7cbe854078d1ac9338744f61a02 -> 
  custom:video-encoder-webm-vp8: eb34c28f22e8b96e1ab97ce403110664 -> 
  custom:audio-encoder-webm-vorbis: bf7c407c2cedff20999df2af8eb42d56 -> 
  custom:framework-win-MediaFoundation: 216162199b28c13a410421893ffa2e32 -> 
  custom:container-demuxer-ogg: 62fdf1f143b41e24485cea50d1cbac27 -> 
  custom:video-decoder-webm-vp8: 9c59270c3fd7afecdb556c50c9e8de78 -> 
  custom:audio-decoder-ogg-vorbis: bf7c407c2cedff20999df2af8eb42d56 -> 
========================================================================
Received Import Request.
  Time since last request: 357154.927377 seconds.
  path: Assets/AnimSpineMaterial
  artifactKey: Guid(db3c56c64d491ff4f9eda541a35e538c) Importer(815301076,1909f56bfc062723c751e8b465ee728b)
Start importing Assets/AnimSpineMaterial using Guid(db3c56c64d491ff4f9eda541a35e538c) Importer(815301076,1909f56bfc062723c751e8b465ee728b)  -> (artifact id: '47ec2c39aa54f16b0483cbf2dda7844e') in 0.013159 seconds 
========================================================================
Received Import Request.
  Time since last request: 12.442055 seconds.
  path: Assets/AnimSpineMaterial/2022_GameJam_Animation3.png
  artifactKey: Guid(76a4c237ade58444b9b5e79d4ba71a83) Importer(815301076,1909f56bfc062723c751e8b465ee728b)
Start importing Assets/AnimSpineMaterial/2022_GameJam_Animation3.png using Guid(76a4c237ade58444b9b5e79d4ba71a83) Importer(815301076,1909f56bfc062723c751e8b465ee728b)  -> (artifact id: '0b6baac68dfbcc0139873107f21c354e') in 0.174140 seconds 
========================================================================
Received Import Request.
  Time since last request: 0.000027 seconds.
  path: Assets/AnimSpineMaterial/2022_GameJam_Animation3_Material.mat
  artifactKey: Guid(253dfe37f179bfb4fb226621de79a556) Importer(815301076,1909f56bfc062723c751e8b465ee728b)
Start importing Assets/AnimSpineMaterial/2022_GameJam_Animation3_Material.mat using Guid(253dfe37f179bfb4fb226621de79a556) Importer(815301076,1909f56bfc062723c751e8b465ee728b)  -> (artifact id: '60c0dcb7238c9d6c4b94f582279852e5') in 0.093372 seconds 
========================================================================
Received Import Request.
  Time since last request: 0.000043 seconds.
  path: Assets/AnimSpineMaterial/2022_GameJam_Animation3_Material-Screen.mat
  artifactKey: Guid(f9c37f51c59eabc4db36e12623228951) Importer(815301076,1909f56bfc062723c751e8b465ee728b)
Start importing Assets/AnimSpineMaterial/2022_GameJam_Animation3_Material-Screen.mat using Guid(f9c37f51c59eabc4db36e12623228951) Importer(815301076,1909f56bfc062723c751e8b465ee728b)  -> (artifact id: '13ba7184e9feabc689ff3f3efc7e9d36') in 0.034239 seconds 
========================================================================
Received Import Request.
  Time since last request: 829.242465 seconds.
  path: Assets/Spine Examples/Spine Skeletons/Spineunitygirl/Doi_SkeletonData.asset
  artifactKey: Guid(3c48535ae5679204c950a22a7caaa5a4) Importer(815301076,1909f56bfc062723c751e8b465ee728b)
Start importing Assets/Spine Examples/Spine Skeletons/Spineunitygirl/Doi_SkeletonData.asset using Guid(3c48535ae5679204c950a22a7caaa5a4) Importer(815301076,1909f56bfc062723c751e8b465ee728b)  -> (artifact id: '4776f2b4ee9dc9baf2d3aa9dabc667c5') in 3.832567 seconds 
========================================================================
Received Import Request.
  Time since last request: 0.000035 seconds.
  path: Assets/Spine Examples/Spine Skeletons/Stretchyman/stretchyman_SkeletonData.asset
  artifactKey: Guid(162719d41016c854abf0355feb0e14e8) Importer(815301076,1909f56bfc062723c751e8b465ee728b)
Start importing Assets/Spine Examples/Spine Skeletons/Stretchyman/stretchyman_SkeletonData.asset using Guid(162719d41016c854abf0355feb0e14e8) Importer(815301076,1909f56bfc062723c751e8b465ee728b) Problematic material setup at Spine GameObject (stretchyman): 
Warning: 'Solve Tangents' required when using a Normal Map!

Please
a) enable 'Solve Tangents' at the SkeletonRenderer/SkeletonAnimation component under 'Advanced' or
b) clear the 'Normal Map' parameter at the Material.
UnityEngine.StackTraceUtility:ExtractStackTrace ()
UnityEngine.DebugLogHandler:LogFormat (UnityEngine.LogType,UnityEngine.Object,string,object[])
UnityEngine.Logger:LogFormat (UnityEngine.LogType,UnityEngine.Object,string,object[])
UnityEngine.Debug:LogWarningFormat (UnityEngine.Object,string,object[])
Spine.Unity.SkeletonRenderer:Initialize (bool,bool) (at Assets/Spine/Runtime/spine-unity/Components/SkeletonRenderer.cs:422)
Spine.Unity.SkeletonAnimation:Initialize (bool,bool) (at Assets/Spine/Runtime/spine-unity/Components/SkeletonAnimation.cs:169)
Spine.Unity.Editor.EditorInstantiation:InstantiateSkeletonAnimation (Spine.Unity.SkeletonDataAsset,Spine.Skin,bool,bool) (at Assets/Spine/Editor/spine-unity/Editor/Utility/AssetUtility.cs:1223)
Spine.Unity.Editor.EditorInstantiation:InstantiateSkeletonAnimation (Spine.Unity.SkeletonDataAsset,string,bool,bool) (at Assets/Spine/Editor/spine-unity/Editor/Utility/AssetUtility.cs:1193)
Spine.Unity.Editor.SkeletonInspectorPreview:Initialize (System.Action,Spine.Unity.SkeletonDataAsset,string) (at Assets/Spine/Editor/spine-unity/Editor/Asset Types/SkeletonDataAssetInspector.cs:863)
Spine.Unity.Editor.SkeletonDataAssetInspector:InitializeEditor () (at Assets/Spine/Editor/spine-unity/Editor/Asset Types/SkeletonDataAssetInspector.cs:149)
Spine.Unity.Editor.SkeletonDataAssetInspector:OnEnable () (at Assets/Spine/Editor/spine-unity/Editor/Asset Types/SkeletonDataAssetInspector.cs:83)
UnityEditor.Editor:CreateEditorWithContext (UnityEngine.Object[],UnityEngine.Object,System.Type)
UnityEditor.Editor:CreateEditor (UnityEngine.Object,System.Type)
UnityEditor.Editor:CreateEditor (UnityEngine.Object)
UnityEditor.AssetPreviewUpdater:CreatePreview (UnityEngine.Object,UnityEngine.Object[],string,int,int)
UnityEditor.AssetPreviewUpdater:CreatePreviewForAsset (UnityEngine.Object,UnityEngine.Object[],string)

(Filename: Assets/Spine/Runtime/spine-unity/Components/SkeletonRenderer.cs Line: 422)

 -> (artifact id: '5fb1e22f080bfc508cf86fb71e797d3b') in 0.374871 seconds 
========================================================================
Received Import Request.
  Time since last request: 0.000024 seconds.
  path: Assets/Spine Examples/Spine Skeletons/spineboy-pro/spineboy-pro_SkeletonData.asset
  artifactKey: Guid(af38a3de26ed9b84abc2fe7c7f3b209d) Importer(815301076,1909f56bfc062723c751e8b465ee728b)
Start importing Assets/Spine Examples/Spine Skeletons/spineboy-pro/spineboy-pro_SkeletonData.asset using Guid(af38a3de26ed9b84abc2fe7c7f3b209d) Importer(815301076,1909f56bfc062723c751e8b465ee728b)  -> (artifact id: 'e89fc27d3f9d5db6a6977d8a76bb173b') in 0.082149 seconds 
========================================================================
Received Import Request.
  Time since last request: 0.000019 seconds.
  path: Assets/Spine Examples/Spine Skeletons/whirlyblendmodes/whirlyblendmodes_SkeletonData.asset
  artifactKey: Guid(a515487a7cc6cca479d8c7c700c9145d) Importer(815301076,1909f56bfc062723c751e8b465ee728b)
Start importing Assets/Spine Examples/Spine Skeletons/whirlyblendmodes/whirlyblendmodes_SkeletonData.asset using Guid(a515487a7cc6cca479d8c7c700c9145d) Importer(815301076,1909f56bfc062723c751e8b465ee728b)  -> (artifact id: '58c363955b69b465dff9d95234877840') in 0.085964 seconds 
========================================================================
Received Import Request.
  Time since last request: 79.663487 seconds.
  path: Assets/AnimSpineMaterial/2022_GameJam_Animation3.atlas.txt
  artifactKey: Guid(e707c568fead5b14ea257addfeda1826) Importer(815301076,1909f56bfc062723c751e8b465ee728b)
Start importing Assets/AnimSpineMaterial/2022_GameJam_Animation3.atlas.txt using Guid(e707c568fead5b14ea257addfeda1826) Importer(815301076,1909f56bfc062723c751e8b465ee728b)  -> (artifact id: '32131ce17cb904fac1f370e00a92140b') in 0.035040 seconds 
========================================================================
Received Import Request.
  Time since last request: 1.117365 seconds.
  path: Assets/AnimSpineMaterial/2022_GameJam_Animation.json
  artifactKey: Guid(5c67dc3f17c78714ca58b2e422181253) Importer(815301076,1909f56bfc062723c751e8b465ee728b)
Start importing Assets/AnimSpineMaterial/2022_GameJam_Animation.json using Guid(5c67dc3f17c78714ca58b2e422181253) Importer(815301076,1909f56bfc062723c751e8b465ee728b)  -> (artifact id: '9a1fa9594f7763b5bd7b8d479f206155') in 0.028341 seconds 
