Using pre-set license
Built from '2021.2/staging' branch; Version is '2021.2.5f1 (4ec9a5e799f5) revision 5163429'; Using compiler version '192829333'; Build Type 'Release'
OS: 'Windows 11  (10.0.22000) 64bit Core' Language: 'zh' Physical Memory: 8072 MB
BatchMode: 1, IsHumanControllingUs: 0, StartBugReporterOnCrash: 0, Is64bit: 1, IsPro: 0

COMMAND LINE ARGUMENTS:
C:\Program Files\Unity\Hub\Editor\2021.2.5f1\Editor\Unity.exe
-adb2
-batchMode
-noUpm
-name
AssetImportWorker1
-projectPath
D:/Unity/Duality_GGJ
-logFile
Logs/AssetImportWorker1.log
-srvPort
55331
Successfully changed project path to: D:/Unity/Duality_GGJ
D:/Unity/Duality_GGJ
[UnityMemory] Configuration Parameters - Can be set up in boot.config
    "memorysetup-bucket-allocator-granularity=16"
    "memorysetup-bucket-allocator-bucket-count=8"
    "memorysetup-bucket-allocator-block-size=33554432"
    "memorysetup-bucket-allocator-block-count=8"
    "memorysetup-main-allocator-block-size=16777216"
    "memorysetup-thread-allocator-block-size=16777216"
    "memorysetup-gfx-main-allocator-block-size=16777216"
    "memorysetup-gfx-thread-allocator-block-size=16777216"
    "memorysetup-cache-allocator-block-size=4194304"
    "memorysetup-typetree-allocator-block-size=2097152"
    "memorysetup-profiler-bucket-allocator-granularity=16"
    "memorysetup-profiler-bucket-allocator-bucket-count=8"
    "memorysetup-profiler-bucket-allocator-block-size=33554432"
    "memorysetup-profiler-bucket-allocator-block-count=8"
    "memorysetup-profiler-allocator-block-size=16777216"
    "memorysetup-profiler-editor-allocator-block-size=1048576"
    "memorysetup-temp-allocator-size-main=16777216"
    "memorysetup-job-temp-allocator-block-size=2097152"
    "memorysetup-job-temp-allocator-block-size-background=1048576"
    "memorysetup-job-temp-allocator-reduction-small-platforms=262144"
    "memorysetup-temp-allocator-size-background-worker=32768"
    "memorysetup-temp-allocator-size-job-worker=262144"
    "memorysetup-temp-allocator-size-preload-manager=33554432"
    "memorysetup-temp-allocator-size-nav-mesh-worker=65536"
    "memorysetup-temp-allocator-size-audio-worker=65536"
    "memorysetup-temp-allocator-size-cloud-worker=32768"
    "memorysetup-temp-allocator-size-gi-baking-worker=262144"
    "memorysetup-temp-allocator-size-gfx=262144"
Refreshing native plugins compatible for Editor in 107.94 ms, found 4 plugins.
Preloading 0 native plugins for Editor in 0.00 ms.
Initialize engine version: 2021.2.5f1 (4ec9a5e799f5)
[Subsystems] Discovering subsystems at path C:/Program Files/Unity/Hub/Editor/2021.2.5f1/Editor/Data/Resources/UnitySubsystems
[Subsystems] Discovering subsystems at path D:/Unity/Duality_GGJ/Assets
GfxDevice: creating device client; threaded=0; jobified=0
Direct3D:
    Version:  Direct3D 11.0 [level 11.1]
    Renderer: NVIDIA GeForce GTX 1650 (ID=0x1f91)
    Vendor:   NVIDIA
    VRAM:     3962 MB
    Driver:   27.21.14.5749
Initialize mono
Mono path[0] = 'C:/Program Files/Unity/Hub/Editor/2021.2.5f1/Editor/Data/Managed'
Mono path[1] = 'C:/Program Files/Unity/Hub/Editor/2021.2.5f1/Editor/Data/MonoBleedingEdge/lib/mono/unityjit-win32'
Mono config path = 'C:/Program Files/Unity/Hub/Editor/2021.2.5f1/Editor/Data/MonoBleedingEdge/etc'
Using monoOptions --debugger-agent=transport=dt_socket,embedding=1,server=y,suspend=n,address=127.0.0.1:56956
Begin MonoManager ReloadAssembly
Registering precompiled unity dll's ...
Register platform support module: C:/Program Files/Unity/Hub/Editor/2021.2.5f1/Editor/Data/PlaybackEngines/WebGLSupport/UnityEditor.WebGL.Extensions.dll
Register platform support module: C:/Program Files/Unity/Hub/Editor/2021.2.5f1/Editor/Data/PlaybackEngines/WindowsStandaloneSupport/UnityEditor.WindowsStandalone.Extensions.dll
Registered in 0.004066 seconds.
Native extension for WindowsStandalone target not found
Native extension for WebGL target not found
Refreshing native plugins compatible for Editor in 106.90 ms, found 4 plugins.
Preloading 0 native plugins for Editor in 0.00 ms.
Mono: successfully reloaded assembly
- Completed reload, in  0.640 seconds
Domain Reload Profiling:
	ReloadAssembly (641ms)
		BeginReloadAssembly (67ms)
			ExecutionOrderSort (0ms)
			DisableScriptedObjects (0ms)
			BackupInstance (0ms)
			ReleaseScriptingObjects (0ms)
			CreateAndSetChildDomain (1ms)
		EndReloadAssembly (500ms)
			LoadAssemblies (65ms)
			RebuildTransferFunctionScriptingTraits (0ms)
			SetupTypeCache (106ms)
			ReleaseScriptCaches (0ms)
			RebuildScriptCaches (30ms)
			SetupLoadedEditorAssemblies (313ms)
				LogAssemblyErrors (0ms)
				InitializePlatformSupportModulesInManaged (17ms)
				SetLoadedEditorAssemblies (0ms)
				RefreshPlugins (107ms)
				BeforeProcessingInitializeOnLoad (1ms)
				ProcessInitializeOnLoadAttributes (137ms)
				ProcessInitializeOnLoadMethodAttributes (51ms)
				AfterProcessingInitializeOnLoad (0ms)
				EditorAssembliesLoaded (0ms)
			ExecutionOrderSort2 (0ms)
			AwakeInstancesAfterBackupRestoration (0ms)
Platform modules already initialized, skipping
Registering precompiled user dll's ...
Registered in 0.004301 seconds.
Begin MonoManager ReloadAssembly
Symbol file LoadedFromMemory doesn't match image D:\Unity\Duality_GGJ\Library\PackageCache\com.unity.visualscripting@1.7.5\Editor\VisualScripting.Core\Dependencies\YamlDotNet\Unity.VisualScripting.YamlDotNet.dll
Symbol file LoadedFromMemory doesn't match image D:\Unity\Duality_GGJ\Library\PackageCache\com.unity.visualscripting@1.7.5\Editor\VisualScripting.Core\Dependencies\DotNetZip\Unity.VisualScripting.IonicZip.dll
Native extension for WindowsStandalone target not found
Native extension for WebGL target not found
Refreshing native plugins compatible for Editor in 95.99 ms, found 4 plugins.
Preloading 0 native plugins for Editor in 0.00 ms.
Mono: successfully reloaded assembly
- Completed reload, in  1.868 seconds
Domain Reload Profiling:
	ReloadAssembly (1869ms)
		BeginReloadAssembly (174ms)
			ExecutionOrderSort (0ms)
			DisableScriptedObjects (6ms)
			BackupInstance (0ms)
			ReleaseScriptingObjects (0ms)
			CreateAndSetChildDomain (21ms)
		EndReloadAssembly (1599ms)
			LoadAssemblies (76ms)
			RebuildTransferFunctionScriptingTraits (0ms)
			SetupTypeCache (275ms)
			ReleaseScriptCaches (1ms)
			RebuildScriptCaches (63ms)
			SetupLoadedEditorAssemblies (1076ms)
				LogAssemblyErrors (0ms)
				InitializePlatformSupportModulesInManaged (11ms)
				SetLoadedEditorAssemblies (0ms)
				RefreshPlugins (96ms)
				BeforeProcessingInitializeOnLoad (89ms)
				ProcessInitializeOnLoadAttributes (842ms)
				ProcessInitializeOnLoadMethodAttributes (33ms)
				AfterProcessingInitializeOnLoad (5ms)
				EditorAssembliesLoaded (0ms)
			ExecutionOrderSort2 (0ms)
			AwakeInstancesAfterBackupRestoration (6ms)
Platform modules already initialized, skipping
========================================================================
Worker process is ready to serve import requests
Launched and connected shader compiler UnityShaderCompiler.exe after 0.21 seconds
Refreshing native plugins compatible for Editor in 0.81 ms, found 4 plugins.
Preloading 0 native plugins for Editor in 0.00 ms.
Unloading 4173 Unused Serialized files (Serialized files now loaded: 0)
Unloading 58 unused Assets / (1.5 MB). Loaded Objects now: 4610.
Memory consumption went from 168.5 MB to 166.9 MB.
Total: 8.174300 ms (FindLiveObjects: 0.437200 ms CreateObjectMapping: 0.425100 ms MarkObjects: 6.411500 ms  DeleteObjects: 0.898800 ms)

AssetImportParameters requested are different than current active one (requested -> active):
  custom:video-decoder-ogg-theora: a1e56fd34408186e4bbccfd4996cb3dc -> 
  custom:container-muxer-webm: aa71ff27fc2769a1b78a27578f13a17b -> 
  custom:container-demuxer-webm: 4f35f7cbe854078d1ac9338744f61a02 -> 
  custom:video-encoder-webm-vp8: eb34c28f22e8b96e1ab97ce403110664 -> 
  custom:audio-encoder-webm-vorbis: bf7c407c2cedff20999df2af8eb42d56 -> 
  custom:framework-win-MediaFoundation: 216162199b28c13a410421893ffa2e32 -> 
  custom:container-demuxer-ogg: 62fdf1f143b41e24485cea50d1cbac27 -> 
  custom:video-decoder-webm-vp8: 9c59270c3fd7afecdb556c50c9e8de78 -> 
  custom:audio-decoder-ogg-vorbis: bf7c407c2cedff20999df2af8eb42d56 -> 
========================================================================
Received Import Request.
  Time since last request: 357167.390515 seconds.
  path: Assets/AnimSpineMaterial/2022_GameJam_Animation3_Atlas.asset
  artifactKey: Guid(a324bd6efa6012b4a9cfd6f0a27c7d49) Importer(815301076,1909f56bfc062723c751e8b465ee728b)
Start importing Assets/AnimSpineMaterial/2022_GameJam_Animation3_Atlas.asset using Guid(a324bd6efa6012b4a9cfd6f0a27c7d49) Importer(815301076,1909f56bfc062723c751e8b465ee728b)  -> (artifact id: 'a69071fd4e094f2eecdc19178a9c9d80') in 0.059435 seconds 
========================================================================
Received Import Request.
  Time since last request: 0.000026 seconds.
  path: Assets/AnimSpineMaterial/2022_GameJam_Animation3_Material-Additive.mat
  artifactKey: Guid(597fc0d00c8e7524d8bbb3e9ba733933) Importer(815301076,1909f56bfc062723c751e8b465ee728b)
Start importing Assets/AnimSpineMaterial/2022_GameJam_Animation3_Material-Additive.mat using Guid(597fc0d00c8e7524d8bbb3e9ba733933) Importer(815301076,1909f56bfc062723c751e8b465ee728b)  -> (artifact id: 'e3039fa8a316e42d75538724a0a575f2') in 0.150306 seconds 
========================================================================
Received Import Request.
  Time since last request: 0.000020 seconds.
  path: Assets/AnimSpineMaterial/2022_GameJam_Animation_SkeletonData.asset
  artifactKey: Guid(53dd549a38d3de54f8aec5dd776a1c18) Importer(815301076,1909f56bfc062723c751e8b465ee728b)
Start importing Assets/AnimSpineMaterial/2022_GameJam_Animation_SkeletonData.asset using Guid(53dd549a38d3de54f8aec5dd776a1c18) Importer(815301076,1909f56bfc062723c751e8b465ee728b)  -> (artifact id: '9225481888015e9c217eccf2726ea872') in 0.219998 seconds 
========================================================================
Received Import Request.
  Time since last request: 828.919772 seconds.
  path: Assets/Spine Examples/Spine Skeletons/Dragon/dragon_SkeletonData.asset
  artifactKey: Guid(76506fa7fbeed084ab2dfb084648c628) Importer(815301076,1909f56bfc062723c751e8b465ee728b)
Start importing Assets/Spine Examples/Spine Skeletons/Dragon/dragon_SkeletonData.asset using Guid(76506fa7fbeed084ab2dfb084648c628) Importer(815301076,1909f56bfc062723c751e8b465ee728b)  -> (artifact id: '9adbba6908c309d44a202c865c9f77ca') in 0.474626 seconds 
========================================================================
Received Import Request.
  Time since last request: 0.000022 seconds.
  path: Assets/Spine Examples/Spine Skeletons/Gauge/Gauge_SkeletonData.asset
  artifactKey: Guid(22b19a38b21c15a48854f0db86b0b7d3) Importer(815301076,1909f56bfc062723c751e8b465ee728b)
Start importing Assets/Spine Examples/Spine Skeletons/Gauge/Gauge_SkeletonData.asset using Guid(22b19a38b21c15a48854f0db86b0b7d3) Importer(815301076,1909f56bfc062723c751e8b465ee728b)  -> (artifact id: '43c6015bdb5682351049b5f0f3e4b4d2') in 0.190127 seconds 
========================================================================
Received Import Request.
  Time since last request: 0.000023 seconds.
  path: Assets/Spine Examples/Spine Skeletons/raptor-pro-and-mask/raptor-pro_SkeletonData.asset
  artifactKey: Guid(784054e42b1ea374cb535eaf51bf4369) Importer(815301076,1909f56bfc062723c751e8b465ee728b)
Start importing Assets/Spine Examples/Spine Skeletons/raptor-pro-and-mask/raptor-pro_SkeletonData.asset using Guid(784054e42b1ea374cb535eaf51bf4369) Importer(815301076,1909f56bfc062723c751e8b465ee728b)  -> (artifact id: 'b3690cabe73acb16480d8eb54a772695') in 0.537838 seconds 
========================================================================
Received Import Request.
  Time since last request: 0.000021 seconds.
  path: Assets/Spine Examples/Spine Skeletons/Hero/hero-pro_SkeletonData.asset
  artifactKey: Guid(2f899e95232e6144786de8fb99678a8d) Importer(815301076,1909f56bfc062723c751e8b465ee728b)
Start importing Assets/Spine Examples/Spine Skeletons/Hero/hero-pro_SkeletonData.asset using Guid(2f899e95232e6144786de8fb99678a8d) Importer(815301076,1909f56bfc062723c751e8b465ee728b)  -> (artifact id: '575e771b844b1a218615828acc2c7378') in 0.176302 seconds 
========================================================================
Received Import Request.
  Time since last request: 0.000029 seconds.
  path: Assets/Spine Examples/Spine Skeletons/Raggedy Spineboy/Raggedy Spineboy_SkeletonData.asset
  artifactKey: Guid(57484171e9b9c7243aa3117bc663e7b9) Importer(815301076,1909f56bfc062723c751e8b465ee728b)
Start importing Assets/Spine Examples/Spine Skeletons/Raggedy Spineboy/Raggedy Spineboy_SkeletonData.asset using Guid(57484171e9b9c7243aa3117bc663e7b9) Importer(815301076,1909f56bfc062723c751e8b465ee728b)  -> (artifact id: '3aaa40d077fb65f011b6d5fce4307dc1') in 0.060534 seconds 
========================================================================
Received Import Request.
  Time since last request: 0.000030 seconds.
  path: Assets/Spine Examples/Spine Skeletons/FootSoldier/FootSoldier_SkeletonData.asset
  artifactKey: Guid(e57cdb51287d3924ebb2ececf816733b) Importer(815301076,1909f56bfc062723c751e8b465ee728b)
Start importing Assets/Spine Examples/Spine Skeletons/FootSoldier/FootSoldier_SkeletonData.asset using Guid(e57cdb51287d3924ebb2ececf816733b) Importer(815301076,1909f56bfc062723c751e8b465ee728b)  -> (artifact id: '8c3fd685f0f474512966fc32b669efdd') in 0.077437 seconds 
========================================================================
Received Import Request.
  Time since last request: 0.000022 seconds.
  path: Assets/Spine Examples/Spine Skeletons/spineboy-unity/spineboy-unity_SkeletonData.asset
  artifactKey: Guid(a467507a4ffb1d542a558739b2fede77) Importer(815301076,1909f56bfc062723c751e8b465ee728b)
Start importing Assets/Spine Examples/Spine Skeletons/spineboy-unity/spineboy-unity_SkeletonData.asset using Guid(a467507a4ffb1d542a558739b2fede77) Importer(815301076,1909f56bfc062723c751e8b465ee728b)  -> (artifact id: '1736f91fef8d42309468aa1278177c36') in 0.103200 seconds 
========================================================================
Received Import Request.
  Time since last request: 0.000017 seconds.
  path: Assets/Spine Examples/Spine Skeletons/mix-and-match/mix-and-match-pro_SkeletonData.asset
  artifactKey: Guid(91a60be3ea058c245b89efb440a49a58) Importer(815301076,1909f56bfc062723c751e8b465ee728b)
Start importing Assets/Spine Examples/Spine Skeletons/mix-and-match/mix-and-match-pro_SkeletonData.asset using Guid(91a60be3ea058c245b89efb440a49a58) Importer(815301076,1909f56bfc062723c751e8b465ee728b)  -> (artifact id: 'eafe65cf3cb6bdc97c6d7bec3181543c') in 0.194645 seconds 
========================================================================
Received Import Request.
  Time since last request: 0.000035 seconds.
  path: Assets/Spine Examples/Spine Skeletons/Goblins/goblins_SkeletonData.asset
  artifactKey: Guid(2e4e11d4dd87d844a876d18c4d76a612) Importer(815301076,1909f56bfc062723c751e8b465ee728b)
Start importing Assets/Spine Examples/Spine Skeletons/Goblins/goblins_SkeletonData.asset using Guid(2e4e11d4dd87d844a876d18c4d76a612) Importer(815301076,1909f56bfc062723c751e8b465ee728b)  -> (artifact id: '6ed29c4e2cb13ba3958c95bcb9bc5712') in 0.056322 seconds 
========================================================================
Received Import Request.
  Time since last request: 0.000020 seconds.
  path: Assets/Spine Examples/Spine Skeletons/Eyes/eyes_SkeletonData.asset
  artifactKey: Guid(ef2f009a37ff7ff42bc2a2f407ca9483) Importer(815301076,1909f56bfc062723c751e8b465ee728b)
Start importing Assets/Spine Examples/Spine Skeletons/Eyes/eyes_SkeletonData.asset using Guid(ef2f009a37ff7ff42bc2a2f407ca9483) Importer(815301076,1909f56bfc062723c751e8b465ee728b)  -> (artifact id: 'eac8ef1721f0ed9178af92bfcd2221dd') in 0.063422 seconds 
========================================================================
Received Import Request.
  Time since last request: 0.000025 seconds.
  path: Assets/Spine Examples/Spine Skeletons/Raptor/raptor_SkeletonData.asset
  artifactKey: Guid(22c4b5e5a0fd9484d83b1aa705b9a54c) Importer(815301076,1909f56bfc062723c751e8b465ee728b)
Start importing Assets/Spine Examples/Spine Skeletons/Raptor/raptor_SkeletonData.asset using Guid(22c4b5e5a0fd9484d83b1aa705b9a54c) Importer(815301076,1909f56bfc062723c751e8b465ee728b)  -> (artifact id: '41ef44b6b780b0a8f5500b4301bad52e') in 0.081096 seconds 
AssetImportWorkerClient::OnTransportError - code=10054 error=遠端主機已強制關閉一個現存的連線。
